INFO: (function: run) Combine.cc: 687 -- Freezing the following parameters: 
INFO: (function: run) Combine.cc: 690  r_A60 
INFO: (function: run) Combine.cc: 690  r_A70 
INFO: (function: run) Combine.cc: 690  r_A80 
INFO: (function: run) Combine.cc: 690  r_A90 
INFO: (function: run) Combine.cc: 690  r_A125 
INFO: (function: run) Combine.cc: 690  r_A140 
INFO: (function: run) Combine.cc: 690  r_A160 
INFO: (function: generateAsimov) ToyMCSamplerOpt.cc: 139 -- Using internal logic for binned/unbinned Asimov dataset generation
INFO: (function: generateWithHisto) ToyMCSamplerOpt.cc: 214 -- Generating asimov with histogram for pdf pdf_bineett_inclusive_obsOnly: in 27 x-bins
INFO: (function: generateAsimov) ToyMCSamplerOpt.cc: 139 -- Using internal logic for binned/unbinned Asimov dataset generation
INFO: (function: generateWithHisto) ToyMCSamplerOpt.cc: 214 -- Generating asimov with histogram for pdf pdf_binemtt_inclusive_obsOnly: in 16 x-bins
INFO: (function: generateAsimov) ToyMCSamplerOpt.cc: 139 -- Using internal logic for binned/unbinned Asimov dataset generation
INFO: (function: generateWithHisto) ToyMCSamplerOpt.cc: 214 -- Generating asimov with histogram for pdf pdf_binettt_inclusive_obsOnly: in 1 x-bins
INFO: (function: generateAsimov) ToyMCSamplerOpt.cc: 139 -- Using internal logic for binned/unbinned Asimov dataset generation
INFO: (function: generateWithHisto) ToyMCSamplerOpt.cc: 214 -- Generating asimov with histogram for pdf pdf_binmmtt_inclusive_obsOnly: in 32 x-bins
INFO: (function: generateAsimov) ToyMCSamplerOpt.cc: 139 -- Using internal logic for binned/unbinned Asimov dataset generation
INFO: (function: generateWithHisto) ToyMCSamplerOpt.cc: 214 -- Generating asimov with histogram for pdf pdf_binmttt_inclusive_obsOnly: in 3 x-bins
INFO: (function: generateAsimov) ToyMCSamplerOpt.cc: 139 -- Using internal logic for binned/unbinned Asimov dataset generation
INFO: (function: generateWithHisto) ToyMCSamplerOpt.cc: 214 -- Generating asimov with histogram for pdf pdf_bintttt_inclusive_obsOnly: in 1 x-bins
INFO: (function: runLimitExpected) AsymptoticLimits.cc: 436 -- Median for expected limits = 0.00346756 (Sigma for expected limits = 0.0017692)
