export SRT_LD_LIBRARY_PATH_SCRAMRT="/vols/cms/gu18/4tau_v3/CMSSW_10_2_19/biglib/slc7_amd64_gcc700:/vols/cms/gu18/4tau_v3/CMSSW_10_2_19/lib/slc7_amd64_gcc700:/vols/cms/gu18/4tau_v3/CMSSW_10_2_19/external/slc7_amd64_gcc700/lib:/cvmfs/cms.cern.ch/slc7_amd64_gcc700/cms/cmssw/CMSSW_10_2_19/biglib/slc7_amd64_gcc700:/cvmfs/cms.cern.ch/slc7_amd64_gcc700/cms/cmssw/CMSSW_10_2_19/lib/slc7_amd64_gcc700:/cvmfs/cms.cern.ch/slc7_amd64_gcc700/cms/cmssw/CMSSW_10_2_19/external/slc7_amd64_gcc700/lib:/cvmfs/cms.cern.ch/slc7_amd64_gcc700/external/llvm/6.0.0-ogkkac/lib64:/cvmfs/cms.cern.ch/slc7_amd64_gcc700/external/gcc/7.0.0-omkpbe2/lib64:/cvmfs/cms.cern.ch/slc7_amd64_gcc700/external/gcc/7.0.0-omkpbe2/lib:/cvmfs/cms.cern.ch/slc7_amd64_gcc700/external/cuda/9.2.148/drivers";
export PATH="/cvmfs/cms.cern.ch/share/overrides/bin:/vols/cms/gu18/4tau_v3/CMSSW_10_2_19/bin/slc7_amd64_gcc700:/vols/cms/gu18/4tau_v3/CMSSW_10_2_19/external/slc7_amd64_gcc700/bin:/cvmfs/cms.cern.ch/slc7_amd64_gcc700/cms/cmssw/CMSSW_10_2_19/bin/slc7_amd64_gcc700:/cvmfs/cms.cern.ch/slc7_amd64_gcc700/cms/cmssw/CMSSW_10_2_19/external/slc7_amd64_gcc700/bin:/cvmfs/cms.cern.ch/slc7_amd64_gcc700/external/llvm/6.0.0-ogkkac/bin:/cvmfs/cms.cern.ch/slc7_amd64_gcc700/external/gcc/7.0.0-omkpbe2/bin:/cvmfs/cms.cern.ch/common:/cvmfs/grid.cern.ch/centos7-umd4-ui-4.0.3-1_191004/bin:/cvmfs/grid.cern.ch/centos7-umd4-ui-4.0.3-1_191004/sbin:/cvmfs/grid.cern.ch/centos7-umd4-ui-4.0.3-1_191004/usr/bin:/cvmfs/grid.cern.ch/centos7-umd4-ui-4.0.3-1_191004/usr/sbin:/srv/localstage/scratch/2100677.1.hep.q:/cvmfs/cms.cern.ch/common:/cvmfs/grid.cern.ch/centos7-umd4-ui-4.0.3-1_191004/bin:/cvmfs/grid.cern.ch/centos7-umd4-ui-4.0.3-1_191004/sbin:/cvmfs/grid.cern.ch/centos7-umd4-ui-4.0.3-1_191004/usr/bin:/cvmfs/grid.cern.ch/centos7-umd4-ui-4.0.3-1_191004/usr/sbin:/usr/lib64/qt-3.3/bin:/usr/local/bin:/usr/bin:/usr/local/sbin:/usr/sbin:/home/hep/gu18/.local/bin:/home/hep/gu18/bin:/home/hep/gu18/.local/bin:/home/hep/gu18/bin";
export PERL5LIB="/cvmfs/cms.cern.ch/slc7_amd64_gcc700/external/git/2.17.0/share/perl5:/cvmfs/grid.cern.ch/centos7-umd4-ui-4.0.3-1_191004/usr/lib64/perl5/vendor_perl:/cvmfs/grid.cern.ch/centos7-umd4-ui-4.0.3-1_191004/usr/lib/perl5/vendor_perl:/cvmfs/grid.cern.ch/centos7-umd4-ui-4.0.3-1_191004/usr/share/perl5/:/cvmfs/grid.cern.ch/centos7-umd4-ui-4.0.3-1_191004/usr/share/perl5/vendor_perl:/cvmfs/grid.cern.ch/centos7-umd4-ui-4.0.3-1_191004/usr/lib64/perl5/vendor_perl:/cvmfs/grid.cern.ch/centos7-umd4-ui-4.0.3-1_191004/usr/lib/perl5/vendor_perl:/cvmfs/grid.cern.ch/centos7-umd4-ui-4.0.3-1_191004/usr/share/perl5/:/cvmfs/grid.cern.ch/centos7-umd4-ui-4.0.3-1_191004/usr/share/perl5/vendor_perl";
export LD_LIBRARY_PATH="/vols/cms/gu18/4tau_v3/CMSSW_10_2_19/biglib/slc7_amd64_gcc700:/vols/cms/gu18/4tau_v3/CMSSW_10_2_19/lib/slc7_amd64_gcc700:/vols/cms/gu18/4tau_v3/CMSSW_10_2_19/external/slc7_amd64_gcc700/lib:/cvmfs/cms.cern.ch/slc7_amd64_gcc700/cms/cmssw/CMSSW_10_2_19/biglib/slc7_amd64_gcc700:/cvmfs/cms.cern.ch/slc7_amd64_gcc700/cms/cmssw/CMSSW_10_2_19/lib/slc7_amd64_gcc700:/cvmfs/cms.cern.ch/slc7_amd64_gcc700/cms/cmssw/CMSSW_10_2_19/external/slc7_amd64_gcc700/lib:/cvmfs/cms.cern.ch/slc7_amd64_gcc700/external/llvm/6.0.0-ogkkac/lib64:/cvmfs/cms.cern.ch/slc7_amd64_gcc700/external/gcc/7.0.0-omkpbe2/lib64:/cvmfs/cms.cern.ch/slc7_amd64_gcc700/external/gcc/7.0.0-omkpbe2/lib:/cvmfs/cms.cern.ch/slc7_amd64_gcc700/external/cuda/9.2.148/drivers:/cvmfs/grid.cern.ch/centos7-umd4-ui-4.0.3-1_191004/lib64:/cvmfs/grid.cern.ch/centos7-umd4-ui-4.0.3-1_191004/lib:/cvmfs/grid.cern.ch/centos7-umd4-ui-4.0.3-1_191004/usr/lib64:/cvmfs/grid.cern.ch/centos7-umd4-ui-4.0.3-1_191004/usr/lib:/cvmfs/grid.cern.ch/centos7-umd4-ui-4.0.3-1_191004/lib64:/cvmfs/grid.cern.ch/centos7-umd4-ui-4.0.3-1_191004/lib:/cvmfs/grid.cern.ch/centos7-umd4-ui-4.0.3-1_191004/usr/lib64:/cvmfs/grid.cern.ch/centos7-umd4-ui-4.0.3-1_191004/usr/lib";
export SCRAM_ARCH="slc7_amd64_gcc700";

################### Options ###################
channel           = ettt
outputfolder      = /vols/cms/gu18/4tau_v3/CMSSW_10_2_19/src/UserCode/ICHiggsTauTau/Analysis/4tau/0512/ettt
folder            = /vols/cms/gu18/Offline/output/4tau/2411_ff_v2
paramfile         = scripts/params_UL_2016_postVFP.json
cat               = inclusive
datacard          = 
year              = 2016_postVFP
campaing          = UL
sel               = (1)
var               = tau_decay_mode_2[0,1,2,3,4,5,6,7,8,9,10,11,12]
###############################################

Processing: default

TauF
Formula:  tau_decay_mode_2[0,1,2,3,4,5,6,7,8,9,10,11,12] ((1))*(((!(isTau && (trg_singleelectron_1))) && ((1))))*(((1))*((((q_1+q_2+q_3+q_4)!=0) && (iso_1<0.15 && deepTauVsJets_loose_2>0.5 && deepTauVsMu_vloose_2>0.5 && deepTauVsEle_vvloose_2>0.5 && deepTauVsJets_loose_3>0.5 && deepTauVsMu_vloose_3>0.5 && deepTauVsEle_vvloose_3>0.5 && deepTauVsJets_loose_4>0.5 && deepTauVsMu_vloose_4>0.5 && deepTauVsEle_vvloose_4>0.5) && (trg_singleelectron_1 || trg_doubletau_23 || trg_doubletau_24 || trg_doubletau_34))))
Formula:  tau_decay_mode_2[0,1,2,3,4,5,6,7,8,9,10,11,12] ((wt_ff_ml_1 * wt_ff_ml_2 * wt_ff_ml_3 * (deepTauVsJets_loose_1<0.5 && deepTauVsJets_iso_1>0.1) * (deepTauVsJets_loose_2<0.5 && deepTauVsJets_iso_2>0.1) * (deepTauVsJets_loose_3<0.5 && deepTauVsJets_iso_3>0.1)))*((1))*((((1))*((((q_1+q_2+q_3+q_4)!=0) && (iso_1<0.15 && 1 && deepTauVsMu_vloose_2>0.5 && deepTauVsEle_vvloose_2>0.5 && 1 && deepTauVsMu_vloose_3>0.5 && deepTauVsEle_vvloose_3>0.5 && deepTauVsJets_loose_4>0.5 && deepTauVsMu_vloose_4>0.5 && deepTauVsEle_vvloose_4>0.5) && (trg_singleelectron_1 || trg_doubletau_23 || trg_doubletau_24 || trg_doubletau_34))))&&(!(isTau && (trg_singleelectron_1))))

################### Options ###################
channel           = ettt
outputfolder      = /vols/cms/gu18/4tau_v3/CMSSW_10_2_19/src/UserCode/ICHiggsTauTau/Analysis/4tau/0512/ettt
folder            = /vols/cms/gu18/Offline/output/4tau/2411_ff_v2
paramfile         = scripts/params_UL_2017.json
cat               = inclusive
datacard          = 
year              = 2017
campaing          = UL
sel               = (1)
var               = tau_decay_mode_2[0,1,2,3,4,5,6,7,8,9,10,11,12]
###############################################

Processing: default

TauB
Formula:  tau_decay_mode_2[0,1,2,3,4,5,6,7,8,9,10,11,12] ((1))*(((!(isTau && (trg_singleelectron_1))) && ((1))))*(((1))*((((q_1+q_2+q_3+q_4)!=0) && (iso_1<0.15 && deepTauVsJets_loose_2>0.5 && deepTauVsMu_vloose_2>0.5 && deepTauVsEle_vvloose_2>0.5 && deepTauVsJets_loose_3>0.5 && deepTauVsMu_vloose_3>0.5 && deepTauVsEle_vvloose_3>0.5 && deepTauVsJets_loose_4>0.5 && deepTauVsMu_vloose_4>0.5 && deepTauVsEle_vvloose_4>0.5) && (trg_singleelectron_1 || trg_doubletau_23 || trg_doubletau_24 || trg_doubletau_34))))
Formula:  tau_decay_mode_2[0,1,2,3,4,5,6,7,8,9,10,11,12] ((wt_ff_ml_1 * wt_ff_ml_2 * wt_ff_ml_3 * (deepTauVsJets_loose_1<0.5 && deepTauVsJets_iso_1>0.1) * (deepTauVsJets_loose_2<0.5 && deepTauVsJets_iso_2>0.1) * (deepTauVsJets_loose_3<0.5 && deepTauVsJets_iso_3>0.1)))*((1))*((((1))*((((q_1+q_2+q_3+q_4)!=0) && (iso_1<0.15 && 1 && deepTauVsMu_vloose_2>0.5 && deepTauVsEle_vvloose_2>0.5 && 1 && deepTauVsMu_vloose_3>0.5 && deepTauVsEle_vvloose_3>0.5 && deepTauVsJets_loose_4>0.5 && deepTauVsMu_vloose_4>0.5 && deepTauVsEle_vvloose_4>0.5) && (trg_singleelectron_1 || trg_doubletau_23 || trg_doubletau_24 || trg_doubletau_34))))&&(!(isTau && (trg_singleelectron_1))))

################### Options ###################
channel           = ettt
outputfolder      = /vols/cms/gu18/4tau_v3/CMSSW_10_2_19/src/UserCode/ICHiggsTauTau/Analysis/4tau/0512/ettt
folder            = /vols/cms/gu18/Offline/output/4tau/2411_ff_v2
paramfile         = scripts/params_UL_2016_preVFP.json
cat               = inclusive
datacard          = 
year              = 2016_preVFP
campaing          = UL
sel               = (1)
var               = tau_decay_mode_2[0,1,2,3,4,5,6,7,8,9,10,11,12]
###############################################

Processing: default

TauB
Formula:  tau_decay_mode_2[0,1,2,3,4,5,6,7,8,9,10,11,12] ((1))*(((!(isTau && (trg_singleelectron_1))) && ((1))))*(((1))*((((q_1+q_2+q_3+q_4)!=0) && (iso_1<0.15 && deepTauVsJets_loose_2>0.5 && deepTauVsMu_vloose_2>0.5 && deepTauVsEle_vvloose_2>0.5 && deepTauVsJets_loose_3>0.5 && deepTauVsMu_vloose_3>0.5 && deepTauVsEle_vvloose_3>0.5 && deepTauVsJets_loose_4>0.5 && deepTauVsMu_vloose_4>0.5 && deepTauVsEle_vvloose_4>0.5) && (trg_singleelectron_1 || trg_doubletau_23 || trg_doubletau_24 || trg_doubletau_34))))
Formula:  tau_decay_mode_2[0,1,2,3,4,5,6,7,8,9,10,11,12] ((wt_ff_ml_1 * wt_ff_ml_2 * wt_ff_ml_3 * (deepTauVsJets_loose_1<0.5 && deepTauVsJets_iso_1>0.1) * (deepTauVsJets_loose_2<0.5 && deepTauVsJets_iso_2>0.1) * (deepTauVsJets_loose_3<0.5 && deepTauVsJets_iso_3>0.1)))*((1))*((((1))*((((q_1+q_2+q_3+q_4)!=0) && (iso_1<0.15 && 1 && deepTauVsMu_vloose_2>0.5 && deepTauVsEle_vvloose_2>0.5 && 1 && deepTauVsMu_vloose_3>0.5 && deepTauVsEle_vvloose_3>0.5 && deepTauVsJets_loose_4>0.5 && deepTauVsMu_vloose_4>0.5 && deepTauVsEle_vvloose_4>0.5) && (trg_singleelectron_1 || trg_doubletau_23 || trg_doubletau_24 || trg_doubletau_34))))&&(!(isTau && (trg_singleelectron_1))))

################### Options ###################
channel           = ettt
outputfolder      = /vols/cms/gu18/4tau_v3/CMSSW_10_2_19/src/UserCode/ICHiggsTauTau/Analysis/4tau/0512/ettt
folder            = /vols/cms/gu18/Offline/output/4tau/2411_ff_v2
paramfile         = scripts/params_UL_2018.json
cat               = inclusive
datacard          = 
year              = 2018
campaing          = UL
sel               = (1)
var               = tau_decay_mode_2[0,1,2,3,4,5,6,7,8,9,10,11,12]
###############################################

Processing: default

TauB
Formula:  tau_decay_mode_2[0,1,2,3,4,5,6,7,8,9,10,11,12] ((1))*(((!(isTau && (trg_singleelectron_1))) && ((1))))*(((1))*((((q_1+q_2+q_3+q_4)!=0) && (iso_1<0.15 && deepTauVsJets_loose_2>0.5 && deepTauVsMu_vloose_2>0.5 && deepTauVsEle_vvloose_2>0.5 && deepTauVsJets_loose_3>0.5 && deepTauVsMu_vloose_3>0.5 && deepTauVsEle_vvloose_3>0.5 && deepTauVsJets_loose_4>0.5 && deepTauVsMu_vloose_4>0.5 && deepTauVsEle_vvloose_4>0.5) && (trg_singleelectron_1 || trg_doubletau_23 || trg_doubletau_24 || trg_doubletau_34))))
Formula:  tau_decay_mode_2[0,1,2,3,4,5,6,7,8,9,10,11,12] ((wt_ff_ml_1 * wt_ff_ml_2 * wt_ff_ml_3 * (deepTauVsJets_loose_1<0.5 && deepTauVsJets_iso_1>0.1) * (deepTauVsJets_loose_2<0.5 && deepTauVsJets_iso_2>0.1) * (deepTauVsJets_loose_3<0.5 && deepTauVsJets_iso_3>0.1)))*((1))*((((1))*((((q_1+q_2+q_3+q_4)!=0) && (iso_1<0.15 && 1 && deepTauVsMu_vloose_2>0.5 && deepTauVsEle_vvloose_2>0.5 && 1 && deepTauVsMu_vloose_3>0.5 && deepTauVsEle_vvloose_3>0.5 && deepTauVsJets_loose_4>0.5 && deepTauVsMu_vloose_4>0.5 && deepTauVsEle_vvloose_4>0.5) && (trg_singleelectron_1 || trg_doubletau_23 || trg_doubletau_24 || trg_doubletau_34))))&&(!(isTau && (trg_singleelectron_1))))

################### Options ###################
channel           = ettt
outputfolder      = /vols/cms/gu18/4tau_v3/CMSSW_10_2_19/src/UserCode/ICHiggsTauTau/Analysis/4tau/0512/ettt
folder            = /vols/cms/gu18/Offline/output/4tau/2411_ff_v2
paramfile         = scripts/params_UL_2018.json
cat               = inclusive
datacard          = 
year              = 2018
campaing          = UL
sel               = (1)
var               = tau_decay_mode_2[0,1,2,3,4,5,6,7,8,9,10,11,12]
###############################################

python scripts/4tauPlot.py --outputfolder=/vols/cms/gu18/4tau_v3/CMSSW_10_2_19/src/UserCode/ICHiggsTauTau/Analysis/4tau/0512/ettt --replace_name=tau_decay_mode_2_ff_123_ettt_inclusive_2016_postVFP --cfg=scripts/plot_UL_2016_postVFP.cfg --channel=ettt --cat=inclusive --folder=/vols/cms/gu18/Offline/output/4tau/2411_ff_v2 --no_signal --charges_non_zero --ff_from=123 --under_legend='FF_{1} x FF_{2} x FF_{3}' --method=2 --var='tau_decay_mode_2[0,1,2,3,4,5,6,7,8,9,10,11,12]' --vsjets=loose --ratio_range=0,2
python scripts/4tauPlot.py --outputfolder=/vols/cms/gu18/4tau_v3/CMSSW_10_2_19/src/UserCode/ICHiggsTauTau/Analysis/4tau/0512/ettt --replace_name=tau_decay_mode_2_ff_123_ettt_inclusive_2017 --cfg=scripts/plot_UL_2017.cfg --channel=ettt --cat=inclusive --folder=/vols/cms/gu18/Offline/output/4tau/2411_ff_v2 --no_signal --charges_non_zero --ff_from=123 --under_legend='FF_{1} x FF_{2} x FF_{3}' --method=2 --var='tau_decay_mode_2[0,1,2,3,4,5,6,7,8,9,10,11,12]' --vsjets=loose --ratio_range=0,2
python scripts/4tauPlot.py --outputfolder=/vols/cms/gu18/4tau_v3/CMSSW_10_2_19/src/UserCode/ICHiggsTauTau/Analysis/4tau/0512/ettt --replace_name=tau_decay_mode_2_ff_123_ettt_inclusive_2016_preVFP --cfg=scripts/plot_UL_2016_preVFP.cfg --channel=ettt --cat=inclusive --folder=/vols/cms/gu18/Offline/output/4tau/2411_ff_v2 --no_signal --charges_non_zero --ff_from=123 --under_legend='FF_{1} x FF_{2} x FF_{3}' --method=2 --var='tau_decay_mode_2[0,1,2,3,4,5,6,7,8,9,10,11,12]' --vsjets=loose --ratio_range=0,2
python scripts/4tauPlot.py --outputfolder=/vols/cms/gu18/4tau_v3/CMSSW_10_2_19/src/UserCode/ICHiggsTauTau/Analysis/4tau/0512/ettt --replace_name=tau_decay_mode_2_ff_123_ettt_inclusive_2018 --cfg=scripts/plot_UL_2018.cfg --channel=ettt --cat=inclusive --folder=/vols/cms/gu18/Offline/output/4tau/2411_ff_v2 --no_signal --charges_non_zero --ff_from=123 --under_legend='FF_{1} x FF_{2} x FF_{3}' --method=2 --var='tau_decay_mode_2[0,1,2,3,4,5,6,7,8,9,10,11,12]' --vsjets=loose --ratio_range=0,2
python scripts/4tauPlot.py --outputfolder=/vols/cms/gu18/4tau_v3/CMSSW_10_2_19/src/UserCode/ICHiggsTauTau/Analysis/4tau/0512/ettt --plot_from_dc='/vols/cms/gu18/4tau_v3/CMSSW_10_2_19/src/UserCode/ICHiggsTauTau/Analysis/4tau/0512/ettt/tau_decay_mode_2_ff_123_ettt_inclusive_all.root' --cfg=scripts/plot_UL_2018.cfg --lumi='138 fb^{-1} (13 TeV)' --replace_name=tau_decay_mode_2_ff_123_ettt_inclusive_all  --channel=ettt --cat=inclusive --folder=/vols/cms/gu18/Offline/output/4tau/2411_ff_v2 --no_signal --charges_non_zero --ff_from=123 --under_legend='FF_{1} x FF_{2} x FF_{3}' --method=2 --var='tau_decay_mode_2[0,1,2,3,4,5,6,7,8,9,10,11,12]' --vsjets=loose --ratio_range=0,2 
