Error in <TTreeFormula::Compile>:  Bad numerical expression : "wt_ff_ml_1"
Traceback (most recent call last):
  File "scripts/4tauPlot.py", line 956, in <module>
    ana.Run()
  File "/vols/cms/gu18/4tau_v3/CMSSW_10_2_19/python/UserCode/ICHiggsTauTau/analysis.py", line 626, in Run
    res = self.trees[sample].Draw(drawdict[sample], compiled=self.compiled)
  File "/vols/cms/gu18/4tau_v3/CMSSW_10_2_19/python/UserCode/ICHiggsTauTau/analysis.py", line 177, in Draw
    otree = MultiDraw.MultiDraw(self.tree, draw_list, Compiled=compiled)
  File "/vols/cms/gu18/4tau_v3/CMSSW_10_2_19/python/UserCode/ICHiggsTauTau/MultiDraw.py", line 183, in MultiDraw
    raise RuntimeError("TTreeFormula didn't compile: " + weight)
RuntimeError: TTreeFormula didn't compile: ((wt_ff_ml_1 * wt_ff_ml_2 * wt_ff_ml_3 * (deepTauVsJets_loose_1<0.5 && deepTauVsJets_iso_1>0.1) * (deepTauVsJets_loose_2<0.5 && deepTauVsJets_iso_2>0.1) * (deepTauVsJets_loose_3<0.5 && deepTauVsJets_iso_3>0.1)))*((1))*((((1))*((((q_1+q_2+q_3+q_4)!=0) && (iso_1<0.15 && 1 && deepTauVsMu_vloose_2>0.5 && deepTauVsEle_vvloose_2>0.5 && 1 && deepTauVsMu_vloose_3>0.5 && deepTauVsEle_vvloose_3>0.5 && deepTauVsJets_loose_4>0.5 && deepTauVsMu_vloose_4>0.5 && deepTauVsEle_vvloose_4>0.5) && (trg_singleelectron_1 || trg_doubletau_23 || trg_doubletau_24 || trg_doubletau_34))))&&(!(isTau && (trg_singleelectron_1))))
Error in <TTreeFormula::Compile>:  Bad numerical expression : "wt_ff_ml_1"
Traceback (most recent call last):
  File "scripts/4tauPlot.py", line 956, in <module>
    ana.Run()
  File "/vols/cms/gu18/4tau_v3/CMSSW_10_2_19/python/UserCode/ICHiggsTauTau/analysis.py", line 626, in Run
    res = self.trees[sample].Draw(drawdict[sample], compiled=self.compiled)
  File "/vols/cms/gu18/4tau_v3/CMSSW_10_2_19/python/UserCode/ICHiggsTauTau/analysis.py", line 177, in Draw
    otree = MultiDraw.MultiDraw(self.tree, draw_list, Compiled=compiled)
  File "/vols/cms/gu18/4tau_v3/CMSSW_10_2_19/python/UserCode/ICHiggsTauTau/MultiDraw.py", line 183, in MultiDraw
    raise RuntimeError("TTreeFormula didn't compile: " + weight)
RuntimeError: TTreeFormula didn't compile: ((wt_ff_ml_1 * wt_ff_ml_2 * wt_ff_ml_3 * (deepTauVsJets_loose_1<0.5 && deepTauVsJets_iso_1>0.1) * (deepTauVsJets_loose_2<0.5 && deepTauVsJets_iso_2>0.1) * (deepTauVsJets_loose_3<0.5 && deepTauVsJets_iso_3>0.1)))*((1))*((((1))*((((q_1+q_2+q_3+q_4)!=0) && (iso_1<0.15 && 1 && deepTauVsMu_vloose_2>0.5 && deepTauVsEle_vvloose_2>0.5 && 1 && deepTauVsMu_vloose_3>0.5 && deepTauVsEle_vvloose_3>0.5 && deepTauVsJets_loose_4>0.5 && deepTauVsMu_vloose_4>0.5 && deepTauVsEle_vvloose_4>0.5) && (trg_singleelectron_1 || trg_doubletau_23 || trg_doubletau_24 || trg_doubletau_34))))&&(!(isTau && (trg_singleelectron_1))))
Error in <TTreeFormula::Compile>:  Bad numerical expression : "wt_ff_ml_1"
Traceback (most recent call last):
  File "scripts/4tauPlot.py", line 956, in <module>
    ana.Run()
  File "/vols/cms/gu18/4tau_v3/CMSSW_10_2_19/python/UserCode/ICHiggsTauTau/analysis.py", line 626, in Run
    res = self.trees[sample].Draw(drawdict[sample], compiled=self.compiled)
  File "/vols/cms/gu18/4tau_v3/CMSSW_10_2_19/python/UserCode/ICHiggsTauTau/analysis.py", line 177, in Draw
    otree = MultiDraw.MultiDraw(self.tree, draw_list, Compiled=compiled)
  File "/vols/cms/gu18/4tau_v3/CMSSW_10_2_19/python/UserCode/ICHiggsTauTau/MultiDraw.py", line 183, in MultiDraw
    raise RuntimeError("TTreeFormula didn't compile: " + weight)
RuntimeError: TTreeFormula didn't compile: ((wt_ff_ml_1 * wt_ff_ml_2 * wt_ff_ml_3 * (deepTauVsJets_loose_1<0.5 && deepTauVsJets_iso_1>0.1) * (deepTauVsJets_loose_2<0.5 && deepTauVsJets_iso_2>0.1) * (deepTauVsJets_loose_3<0.5 && deepTauVsJets_iso_3>0.1)))*((1))*((((1))*((((q_1+q_2+q_3+q_4)!=0) && (iso_1<0.15 && 1 && deepTauVsMu_vloose_2>0.5 && deepTauVsEle_vvloose_2>0.5 && 1 && deepTauVsMu_vloose_3>0.5 && deepTauVsEle_vvloose_3>0.5 && deepTauVsJets_loose_4>0.5 && deepTauVsMu_vloose_4>0.5 && deepTauVsEle_vvloose_4>0.5) && (trg_singleelectron_1 || trg_doubletau_23 || trg_doubletau_24 || trg_doubletau_34))))&&(!(isTau && (trg_singleelectron_1))))
Error in <TTreeFormula::Compile>:  Bad numerical expression : "wt_ff_ml_1"
Traceback (most recent call last):
  File "scripts/4tauPlot.py", line 956, in <module>
    ana.Run()
  File "/vols/cms/gu18/4tau_v3/CMSSW_10_2_19/python/UserCode/ICHiggsTauTau/analysis.py", line 626, in Run
    res = self.trees[sample].Draw(drawdict[sample], compiled=self.compiled)
  File "/vols/cms/gu18/4tau_v3/CMSSW_10_2_19/python/UserCode/ICHiggsTauTau/analysis.py", line 177, in Draw
    otree = MultiDraw.MultiDraw(self.tree, draw_list, Compiled=compiled)
  File "/vols/cms/gu18/4tau_v3/CMSSW_10_2_19/python/UserCode/ICHiggsTauTau/MultiDraw.py", line 183, in MultiDraw
    raise RuntimeError("TTreeFormula didn't compile: " + weight)
RuntimeError: TTreeFormula didn't compile: ((wt_ff_ml_1 * wt_ff_ml_2 * wt_ff_ml_3 * (deepTauVsJets_loose_1<0.5 && deepTauVsJets_iso_1>0.1) * (deepTauVsJets_loose_2<0.5 && deepTauVsJets_iso_2>0.1) * (deepTauVsJets_loose_3<0.5 && deepTauVsJets_iso_3>0.1)))*((1))*((((1))*((((q_1+q_2+q_3+q_4)!=0) && (iso_1<0.15 && 1 && deepTauVsMu_vloose_2>0.5 && deepTauVsEle_vvloose_2>0.5 && 1 && deepTauVsMu_vloose_3>0.5 && deepTauVsEle_vvloose_3>0.5 && deepTauVsJets_loose_4>0.5 && deepTauVsMu_vloose_4>0.5 && deepTauVsEle_vvloose_4>0.5) && (trg_singleelectron_1 || trg_doubletau_23 || trg_doubletau_24 || trg_doubletau_34))))&&(!(isTau && (trg_singleelectron_1))))
TFile::Write:0: RuntimeWarning: file /vols/cms/gu18/4tau_v3/CMSSW_10_2_19/src/UserCode/ICHiggsTauTau/Analysis/4tau/0512/ettt/tau_decay_mode_2_ff_123_ettt_inclusive_all.root not opened in write mode
Traceback (most recent call last):
  File "scripts/4tauPlot.py", line 1162, in <module>
    under_legend=options.under_legend
  File "/vols/cms/gu18/4tau_v3/CMSSW_10_2_19/python/UserCode/ICHiggsTauTau/plotting.py", line 2495, in HTTPlot
    total_datahist = infile.Get(nodename+'/data_obs').Clone()
ReferenceError: attempt to access a null-pointer
